<?xml version="1.0" encoding="UTF-8"?>
<!-- Generated by org.testng.reporters.JUnitXMLReporter -->
<testsuite hostname="Swapanpreets-MacBook-Pro.local" name="DataFactory" tests="2" failures="1" timestamp="6 Apr 2017 06:27:21 GMT" time="27.773" errors="0">
  <testcase name="mainPageOpen" time="24.063" classname="com.automation.framework.testing.Testing"/>
  <testcase name="SignUp" time="0.014" classname="com.automation.framework.testing.Testing">
    <failure type="java.lang.IllegalArgumentException" message="Cannot find elements when the selector is null">
      <![CDATA[java.lang.IllegalArgumentException: Cannot find elements when the selector is null
	at org.openqa.selenium.By.cssSelector(By.java:145)
	at com.automation.framework.emailsigninpage.EmailSignInPage.enterEmail(EmailSignInPage.java:41)
	at com.automation.framework.emailsigninpage.EmailSignInPage.emailSignIn(EmailSignInPage.java:35)
	at com.automation.framework.testing.Testing.SignUp(Testing.java:46)
... Removed 24 stack frames]]>
    </failure>
  </testcase> <!-- SignUp -->
</testsuite> <!-- DataFactory -->
